<?xml version="1.0" encoding="UTF-8"?>
<!-- Generated by org.testng.reporters.JUnitReportReporter -->
<testsuite hostname="LAPTOP-EBL30HHN" failures="0" tests="2" name="RAW.Tests.TestHomePage" time="4.892" errors="0" timestamp="2024-09-03T01:04:42 IST" skipped="0">
  <testcase classname="RAW.Tests.TestHomePage" name="Test1" time="2.626"/>
  <testcase classname="RAW.Tests.TestHomePage" name="Test1" time="2.266"/>
</testsuite> <!-- RAW.Tests.TestHomePage -->
